<?xml version="1.0" encoding="UTF-8"?>
<!-- Generated by org.testng.reporters.JUnitXMLReporter -->
<testsuite hostname="DESKTOP-881CB56" ignored="5" name="Sanity test" tests="5" failures="0" timestamp="04 Mar 2021 11:57:49 GMT" time="223.937" errors="0">
  <testcase name="isSelectedTestForDuration" time="0.889" classname="com.qa.ispeakbetter.tests.LoginPageTest"/>
  <testcase name="loginTest1" time="11.019" classname="com.qa.ispeakbetter.tests.LoginPageTest"/>
  <testcase name="loginTest2" time="11.038" classname="com.qa.ispeakbetter.tests.LoginPageTest"/>
  <testcase name="loginTest3" time="10.927" classname="com.qa.ispeakbetter.tests.LoginPageTest"/>
  <testcase name="loginTest4" time="10.874" classname="com.qa.ispeakbetter.tests.LoginPageTest"/>
  <testcase name="isEnabledTestForDownRow" time="0.0" classname="com.qa.ispeakbetter.tests.LoginPageTest">
    <ignored/>
  </testcase> <!-- isEnabledTestForDownRow -->
  <testcase name="isDisplayedTestForSeeCourses" time="0.0" classname="com.qa.ispeakbetter.tests.LoginPageTest">
    <ignored/>
  </testcase> <!-- isDisplayedTestForSeeCourses -->
  <testcase name="verifyLoginPageURL" time="0.0" classname="com.qa.ispeakbetter.tests.LoginPageTest">
    <ignored/>
  </testcase> <!-- verifyLoginPageURL -->
  <testcase name="verifyLoginPageTitle" time="0.0" classname="com.qa.ispeakbetter.tests.LoginPageTest">
    <ignored/>
  </testcase> <!-- verifyLoginPageTitle -->
  <testcase name="clickTestForLogo" time="0.0" classname="com.qa.ispeakbetter.tests.LoginPageTest">
    <ignored/>
  </testcase> <!-- clickTestForLogo -->
</testsuite> <!-- Sanity test -->
