<?xml version="1.0" encoding="UTF-8"?>
<!-- Generated by org.testng.reporters.JUnitXMLReporter -->
<testsuite hostname="DESKTOP-881CB56" ignored="9" name="Default test(failed)" tests="1" failures="1" timestamp="04 Mar 2021 09:27:39 GMT" time="30.095" errors="0">
  <testcase name="isDisplayedTestForTryFree" time="1.015" classname="com.qa.ispeakbetter.tests.LoginPageTest">
    <failure type="java.lang.AssertionError" message="expected [true] but found [false]">
      <![CDATA[java.lang.AssertionError: expected [true] but found [false]
at com.qa.ispeakbetter.tests.LoginPageTest.isDisplayedTestForTryFree(LoginPageTest.java:64)
... Removed 29 stack frames]]>
    </failure>
  </testcase> <!-- isDisplayedTestForTryFree -->
  <testcase name="loginTest4" time="0.0" classname="com.qa.ispeakbetter.tests.LoginPageTest">
    <ignored/>
  </testcase> <!-- loginTest4 -->
  <testcase name="loginTest1" time="0.0" classname="com.qa.ispeakbetter.tests.LoginPageTest">
    <ignored/>
  </testcase> <!-- loginTest1 -->
  <testcase name="isEnabledTestForDownRow" time="0.0" classname="com.qa.ispeakbetter.tests.LoginPageTest">
    <ignored/>
  </testcase> <!-- isEnabledTestForDownRow -->
  <testcase name="loginTest3" time="0.0" classname="com.qa.ispeakbetter.tests.LoginPageTest">
    <ignored/>
  </testcase> <!-- loginTest3 -->
  <testcase name="verifyLoginPageURL" time="0.0" classname="com.qa.ispeakbetter.tests.LoginPageTest">
    <ignored/>
  </testcase> <!-- verifyLoginPageURL -->
  <testcase name="verifyLoginPageTitle" time="0.0" classname="com.qa.ispeakbetter.tests.LoginPageTest">
    <ignored/>
  </testcase> <!-- verifyLoginPageTitle -->
  <testcase name="clickTestForLogo" time="0.0" classname="com.qa.ispeakbetter.tests.LoginPageTest">
    <ignored/>
  </testcase> <!-- clickTestForLogo -->
  <testcase name="loginTest2" time="0.0" classname="com.qa.ispeakbetter.tests.LoginPageTest">
    <ignored/>
  </testcase> <!-- loginTest2 -->
  <testcase name="isSelectedTestForDuration" time="0.0" classname="com.qa.ispeakbetter.tests.LoginPageTest">
    <ignored/>
  </testcase> <!-- isSelectedTestForDuration -->
</testsuite> <!-- Default test(failed) -->
