<?xml version="1.0" encoding="UTF-8"?>
<!-- Generated by org.testng.reporters.JUnitXMLReporter -->
<testsuite hostname="DESKTOP-881CB56" ignored="5" name="Smoke test" tests="5" failures="0" timestamp="04 Mar 2021 11:21:01 GMT" time="139.896" errors="0">
  <testcase name="verifyLoginPageTitle" time="0.127" classname="com.qa.ispeakbetter.tests.LoginPageTest"/>
  <testcase name="verifyLoginPageURL" time="0.02" classname="com.qa.ispeakbetter.tests.LoginPageTest"/>
  <testcase name="clickTestForLogo" time="2.902" classname="com.qa.ispeakbetter.tests.LoginPageTest"/>
  <testcase name="isDisplayedTestForSeeCourses" time="0.9" classname="com.qa.ispeakbetter.tests.LoginPageTest"/>
  <testcase name="isEnabledTestForDownRow" time="0.83" classname="com.qa.ispeakbetter.tests.LoginPageTest"/>
  <testcase name="loginTest4" time="0.0" classname="com.qa.ispeakbetter.tests.LoginPageTest">
    <ignored/>
  </testcase> <!-- loginTest4 -->
  <testcase name="loginTest1" time="0.0" classname="com.qa.ispeakbetter.tests.LoginPageTest">
    <ignored/>
  </testcase> <!-- loginTest1 -->
  <testcase name="loginTest3" time="0.0" classname="com.qa.ispeakbetter.tests.LoginPageTest">
    <ignored/>
  </testcase> <!-- loginTest3 -->
  <testcase name="loginTest2" time="0.0" classname="com.qa.ispeakbetter.tests.LoginPageTest">
    <ignored/>
  </testcase> <!-- loginTest2 -->
  <testcase name="isSelectedTestForDuration" time="0.0" classname="com.qa.ispeakbetter.tests.LoginPageTest">
    <ignored/>
  </testcase> <!-- isSelectedTestForDuration -->
</testsuite> <!-- Smoke test -->
