<?xml version="1.0" encoding="UTF-8"?>
<!-- Generated by org.testng.reporters.JUnitXMLReporter -->
<testsuite hostname="DESKTOP-881CB56" ignored="0" name="Default test" tests="3" failures="0" timestamp="07 Mar 2021 20:31:47 GMT" time="104.308" errors="0">
  <testcase name="clickOnMessagesLinkTest" time="2.562" classname="com.qa.ispeakbetter.tests.VocabularyBasketPageTest"/>
  <testcase name="clickOnSearchButtonTest" time="1.647" classname="com.qa.ispeakbetter.tests.VocabularyBasketPageTest"/>
  <testcase name="getTextVersionTest" time="0.742" classname="com.qa.ispeakbetter.tests.VocabularyBasketPageTest"/>
</testsuite> <!-- Default test -->
